<?xml version="1.0" encoding="UTF-8"?>
<!-- Generated by org.testng.reporters.JUnitXMLReporter -->
<testsuite ignored="0" hostname="Emrahs-MacBook-Pro.local" failures="0" tests="3" name="Command line test" time="31.805" errors="0" timestamp="17 Mar 2022 22:30:40 GMT">
  <testcase classname="hrappproject.HRAppTest" name="login" time="7.397"/>
  <testcase classname="hrappproject.HRAppTest" name="logout" time="1.537"/>
  <testcase classname="hrappproject.HRAppTest" name="negativeLogin" time="1.089"/>
</testsuite> <!-- Command line test -->
