<?xml version="1.0" encoding="UTF-8"?>
<testng-results ignored="0" total="3" passed="3" failed="0" skipped="0">
  <reporter-output>
  </reporter-output>
  <suite started-at="2022-03-17T22:30:08Z" name="Command line suite" finished-at="2022-03-17T22:30:40Z" duration-ms="31805">
    <groups>
      <group name="regression">
        <method signature="HRAppTest.login()[pri:0, instance:hrappproject.HRAppTest@4278a03f]" name="login" class="hrappproject.HRAppTest"/>
      </group> <!-- regression -->
      <group name="smoke">
        <method signature="HRAppTest.login()[pri:0, instance:hrappproject.HRAppTest@4278a03f]" name="login" class="hrappproject.HRAppTest"/>
      </group> <!-- smoke -->
    </groups>
    <test started-at="2022-03-17T22:30:08Z" name="Command line test" finished-at="2022-03-17T22:30:40Z" duration-ms="31805">
      <class name="hrappproject.HRAppTest">
        <test-method is-config="true" signature="setUp()[pri:0, instance:hrappproject.HRAppTest@4278a03f]" started-at="2022-03-17T22:30:08Z" name="setUp" finished-at="2022-03-17T22:30:12Z" duration-ms="4618" status="PASS">
          <reporter-output>
          </reporter-output>
        </test-method> <!-- setUp -->
        <test-method signature="login()[pri:0, instance:hrappproject.HRAppTest@4278a03f]" started-at="2022-03-17T22:30:12Z" name="login" finished-at="2022-03-17T22:30:20Z" duration-ms="7397" status="PASS">
          <reporter-output>
          </reporter-output>
        </test-method> <!-- login -->
        <test-method is-config="true" signature="tearDown()[pri:0, instance:hrappproject.HRAppTest@4278a03f]" started-at="2022-03-17T22:30:20Z" name="tearDown" finished-at="2022-03-17T22:30:24Z" duration-ms="4258" status="PASS">
          <reporter-output>
          </reporter-output>
        </test-method> <!-- tearDown -->
        <test-method is-config="true" signature="setUp()[pri:0, instance:hrappproject.HRAppTest@4278a03f]" started-at="2022-03-17T22:30:24Z" name="setUp" finished-at="2022-03-17T22:30:26Z" duration-ms="2330" status="PASS">
          <reporter-output>
          </reporter-output>
        </test-method> <!-- setUp -->
        <test-method signature="logout()[pri:0, instance:hrappproject.HRAppTest@4278a03f]" started-at="2022-03-17T22:30:26Z" name="logout" finished-at="2022-03-17T22:30:28Z" duration-ms="1537" status="PASS">
          <reporter-output>
          </reporter-output>
        </test-method> <!-- logout -->
        <test-method is-config="true" signature="tearDown()[pri:0, instance:hrappproject.HRAppTest@4278a03f]" started-at="2022-03-17T22:30:28Z" name="tearDown" finished-at="2022-03-17T22:30:32Z" duration-ms="4168" status="PASS">
          <reporter-output>
          </reporter-output>
        </test-method> <!-- tearDown -->
        <test-method is-config="true" signature="setUp()[pri:0, instance:hrappproject.HRAppTest@4278a03f]" started-at="2022-03-17T22:30:32Z" name="setUp" finished-at="2022-03-17T22:30:34Z" duration-ms="2180" status="PASS">
          <reporter-output>
          </reporter-output>
        </test-method> <!-- setUp -->
        <test-method signature="negativeLogin()[pri:0, instance:hrappproject.HRAppTest@4278a03f]" started-at="2022-03-17T22:30:34Z" name="negativeLogin" finished-at="2022-03-17T22:30:35Z" duration-ms="1089" status="PASS">
          <reporter-output>
          </reporter-output>
        </test-method> <!-- negativeLogin -->
        <test-method is-config="true" signature="tearDown()[pri:0, instance:hrappproject.HRAppTest@4278a03f]" started-at="2022-03-17T22:30:35Z" name="tearDown" finished-at="2022-03-17T22:30:40Z" duration-ms="4197" status="PASS">
          <reporter-output>
          </reporter-output>
        </test-method> <!-- tearDown -->
      </class> <!-- hrappproject.HRAppTest -->
    </test> <!-- Command line test -->
  </suite> <!-- Command line suite -->
</testng-results>
